<?xml version="1.0" encoding="UTF-8"?>
<testng-results ignored="0" total="1" passed="1" failed="0" skipped="0">
  <reporter-output>
  </reporter-output>
  <suite started-at="2024-03-22T21:49:37 IST" name="Default suite" finished-at="2024-03-22T21:49:39 IST" duration-ms="2187">
    <groups>
      <group name="cucumber">
        <method signature="AbstractTestNGCucumberTests.feature(cucumber.api.testng.CucumberFeatureWrapper)[pri:0, instance:com.webelementfunction.WebElementFunctionRunner@7674f035]" name="feature" class="cucumber.api.testng.AbstractTestNGCucumberTests"/>
      </group> <!-- cucumber -->
    </groups>
    <test started-at="2024-03-22T21:49:37 IST" name="Default test" finished-at="2024-03-22T21:49:39 IST" duration-ms="2187">
      <class name="com.webelementfunction.WebElementFunctionRunner">
        <test-method is-config="true" signature="setUpClass()[pri:0, instance:com.webelementfunction.WebElementFunctionRunner@7674f035]" started-at="2024-03-22T21:49:37 IST" name="setUpClass" finished-at="2024-03-22T21:49:38 IST" duration-ms="1227" status="PASS">
          <reporter-output>
          </reporter-output>
        </test-method> <!-- setUpClass -->
        <test-method signature="feature(cucumber.api.testng.CucumberFeatureWrapper)[pri:0, instance:com.webelementfunction.WebElementFunctionRunner@7674f035]" started-at="2024-03-22T21:49:38 IST" name="feature" description="Runs Cucumber Feature" data-provider="features" finished-at="2024-03-22T21:49:39 IST" duration-ms="664" status="PASS">
          <params>
            <param index="0">
              <value>
                <![CDATA[Web Element Function]]>
              </value>
            </param>
          </params>
          <reporter-output>
          </reporter-output>
        </test-method> <!-- feature -->
        <test-method is-config="true" signature="tearDownClass()[pri:0, instance:com.webelementfunction.WebElementFunctionRunner@7674f035]" started-at="2024-03-22T21:49:39 IST" name="tearDownClass" finished-at="2024-03-22T21:49:39 IST" duration-ms="11" status="PASS">
          <reporter-output>
          </reporter-output>
        </test-method> <!-- tearDownClass -->
      </class> <!-- com.webelementfunction.WebElementFunctionRunner -->
    </test> <!-- Default test -->
  </suite> <!-- Default suite -->
</testng-results>
